-------------------------------------------------------------------------------
Test set: com.company.springbootcrudbasic.controller.PersonControllerTest
-------------------------------------------------------------------------------
Tests run: 4, Failures: 0, Errors: 1, Skipped: 0, Time elapsed: 0.001 s <<< FAILURE! - in com.company.springbootcrudbasic.controller.PersonControllerTest
getNullPersonTest  Time elapsed: 0.001 s  <<< ERROR!
java.lang.NullPointerException: Cannot invoke "com.company.springbootcrudbasic.dto.PersonDto.getId()" because "person" is null
	at com.company.springbootcrudbasic.controller.PersonControllerTest.getNullPersonTest(PersonControllerTest.java:58)

