-------------------------------------------------------------------------------
Test set: com.company.springbootcrudbasic.SpringbootCrudBasicApplicationTests
-------------------------------------------------------------------------------
Tests run: 1, Failures: 0, Errors: 1, Skipped: 0, Time elapsed: 47.233 s <<< FAILURE! - in com.company.springbootcrudbasic.SpringbootCrudBasicApplicationTests
contextLoads  Time elapsed: 0 s  <<< ERROR!
java.lang.IllegalStateException: Failed to load ApplicationContext
Caused by: org.springframework.beans.factory.BeanCreationException: 
Error creating bean with name 'requestMappingHandlerMapping' defined in class path resource [org/springframework/boot/autoconfigure/web/servlet/WebMvcAutoConfiguration$EnableWebMvcConfiguration.class]: Invocation of init method failed; nested exception is java.lang.IllegalStateException: Ambiguous mapping. Cannot map 'personController' method 
com.company.springbootcrudbasic.controller.PersonController#getPersonByLastName(String)
to {GET [/personList]}: There is already 'personController' bean method
com.company.springbootcrudbasic.controller.PersonController#getPerson() mapped.
Caused by: java.lang.IllegalStateException: 
Ambiguous mapping. Cannot map 'personController' method 
com.company.springbootcrudbasic.controller.PersonController#getPersonByLastName(String)
to {GET [/personList]}: There is already 'personController' bean method
com.company.springbootcrudbasic.controller.PersonController#getPerson() mapped.

